checksource: new: No such file or directory
checksource: 12.cpp: No such file or directory
checksource: improper character \x09 = ^I (tab)
   file "astree.cpp": 89 errors: lines 47, 56, 143--143, 155--157, 
        165--165, 169--173, 216, 289, 300--301, 303--303, 305--310, 
        315--315, 322--322, 352--352, 361--362, 376--376
   file "emitter_oil.cpp": 92 errors: lines 47--47, 64--65, 73--73, 
        77--78, 86--86, 91--93, 103--105, 110--110, 118, 132--133, 
        138--138, 140--141, 151--152, 159, 171--172, 175--175, 181--181, 
        192--194, 198--198, 200--200, 204--205, 217--217, 221--221, 
        224--224, 228--228, 233--233, 240--240, 242, 253, 319--319, 
        324--324, 328, 331--331, 378, 388, 455--455, 474, 498, 514, 518, 
        524, 626--627, 720
   file "parser.y": 105 errors: lines 58--59, 67--67, 69--69, 98--98, 
        111--111, 117--118, 147--151, 156--156, 158--158, 160--162, 
        171--171, 241--241, 244--244, 251--252, 256--258, 260--262, 
        264--268
   file "symtable.cpp": 690 errors: lines 96--96, 98--99, 105--106, 109, 
        117--121, 125--126, 146--146, 154, 156, 165--170, 184, 188, 195, 
        197--205, 210--210, 212--212, 220, 224--225, 237--241, 244, 
        246--250, 252--252, 256--256, 258--258, 261--261, 263--266, 
        270--273, 276, 278--278, 281--281, 284--285, 289--289, 292--298, 
        300--304, 345--351, 353--354, 356, 358--359, 362--368, 370--372, 
        375--386, 388--388, 391--399, 401--406, 420--421, 423--423, 
        427--429, 432--432, 438, 440, 454, 458, 471--471, 482--483, 
        496--498, 500, 503, 505--505, 507--509, 511--511, 515--515, 
        518--523, 525--525, 528--528, 533--538, 541--541, 554--555, 
        557--557, 559--559, 561--565, 568--569, 572--574, 577--579, 589, 
        592--592, 594--595, 597--601, 603--603, 607--607, 635--635, 
        664--667, 670, 672--674, 676--678, 680--681, 690--698, 700--706, 
        709--710, 713--719, 733--733, 738--741, 750--755, 759--760, 
        763--764, 777--782, 784--785, 788--789, 800--805, 808--808, 
        811--812, 815--815, 817--822, 825--828, 842--848, 851--856, 
        859--865, 868--868, 879--888, 891--894, 896, 898--899, 904--908, 
        910--911, 913--915, 918--918, 921--925, 927--935, 939--945, 974, 
        997--997, 1003, 1007--1008, 1013--1013, 1015--1015, 1028--1034, 
        1039--1039, 1042--1042, 1048, 1051, 1054--1054, 1069--1069, 1071
checksource: improper character \x0D = ^M (carriage return)
   file "emitter_oil.cpp": 742 errors: lines 1--742
   file "emitter_oil.h": 61 errors: lines 1--61
   file "new4.cpp": 976 errors: lines 1--976
   file "new5.cpp": 554 errors: lines 1--554
   file "symtable.cpp": 1082 errors: lines 1--1082
   file "symtable.h": 69 errors: lines 1--69
checksource: line length > 72 characters
   file "astree.cpp": 5 errors: lines 164, 298, 304--305, 374
   file "emitter_oil.cpp": 18 errors: lines 109, 149, 214, 314, 425, 
        440, 467, 492, 512, 532, 537, 557, 575, 593, 609, 694, 718, 742
   file "new4.cpp": 1 errors: line 646
   file "new5.cpp": 2 errors: lines 146, 152
   file "parser.y": 3 errors: lines 24, 243, 253
   file "symtable.cpp": 86 errors: lines 25, 29, 57, 61, 73, 77, 113, 
        115, 126, 134, 136, 150, 163, 174--175, 177, 228--229, 233, 257, 
        261, 269, 276, 288, 307, 309, 339--343, 390, 412, 417, 425, 
        446--447, 449, 465, 489--490, 492, 516, 538, 540, 547--549, 558, 
        569, 584, 586, 606, 615, 617, 629, 633, 638, 647, 649, 659, 661, 
        686, 688, 725, 728, 735, 744, 746, 757, 770--771, 773, 794--795, 
        797, 836--837, 839, 874--875, 877, 950, 952, 967, 969
checksource: missing newline at end of line
   file "Makefile": 1 errors: line 99
   file "astree.h": 1 errors: line 81
   file "emitter_oil.h": 1 errors: line 62
   file "new4.cpp": 1 errors: line 977
   file "new5.cpp": 1 errors: line 555
   file "symtable.h": 1 errors: line 70
checksource: TOTAL COMPLAINTS: 4583
